2016-03-08 12:24:31.114+0000 INFO  [o.n.k.i.f.CommunityFacadeFactory] No locking implementation specified, defaulting to 'community'
2016-03-08 12:24:31.174+0000 INFO  [o.n.k.AvailabilityGuard] Requirement makes database unavailable: Database available
2016-03-08 12:24:31.194+0000 INFO  [o.n.k.i.DiagnosticsManager] --- INITIALIZED diagnostics START ---
2016-03-08 12:24:31.194+0000 INFO  [o.n.k.i.DiagnosticsManager] Neo4j Kernel properties:
2016-03-08 12:24:31.194+0000 INFO  [o.n.k.i.DiagnosticsManager] dbms.allow_format_migration=true
2016-03-08 12:24:31.194+0000 INFO  [o.n.k.i.DiagnosticsManager] unsupported.dbms.edition=community
2016-03-08 12:24:31.195+0000 INFO  [o.n.k.i.DiagnosticsManager] unsupported.dbms.ephemeral=false
2016-03-08 12:24:31.195+0000 INFO  [o.n.k.i.DiagnosticsManager] Diagnostics providers:
2016-03-08 12:24:31.195+0000 INFO  [o.n.k.i.DiagnosticsManager] org.neo4j.kernel.configuration.Config
2016-03-08 12:24:31.195+0000 INFO  [o.n.k.i.DiagnosticsManager] org.neo4j.kernel.info.DiagnosticsManager
2016-03-08 12:24:31.195+0000 INFO  [o.n.k.i.DiagnosticsManager] SYSTEM_MEMORY
2016-03-08 12:24:31.195+0000 INFO  [o.n.k.i.DiagnosticsManager] JAVA_MEMORY
2016-03-08 12:24:31.195+0000 INFO  [o.n.k.i.DiagnosticsManager] OPERATING_SYSTEM
2016-03-08 12:24:31.195+0000 INFO  [o.n.k.i.DiagnosticsManager] JAVA_VIRTUAL_MACHINE
2016-03-08 12:24:31.195+0000 INFO  [o.n.k.i.DiagnosticsManager] CLASSPATH
2016-03-08 12:24:31.195+0000 INFO  [o.n.k.i.DiagnosticsManager] LIBRARY_PATH
2016-03-08 12:24:31.195+0000 INFO  [o.n.k.i.DiagnosticsManager] SYSTEM_PROPERTIES
2016-03-08 12:24:31.195+0000 INFO  [o.n.k.i.DiagnosticsManager] LINUX_SCHEDULERS
2016-03-08 12:24:31.195+0000 INFO  [o.n.k.i.DiagnosticsManager] NETWORK
2016-03-08 12:24:31.195+0000 INFO  [o.n.k.i.DiagnosticsManager] System memory information:
2016-03-08 12:24:31.198+0000 INFO  [o.n.k.i.DiagnosticsManager] Total Physical memory: 29.45 GB
2016-03-08 12:24:31.198+0000 INFO  [o.n.k.i.DiagnosticsManager] Free Physical memory: 25.18 GB
2016-03-08 12:24:31.198+0000 INFO  [o.n.k.i.DiagnosticsManager] Committed virtual memory: 10.19 GB
2016-03-08 12:24:31.198+0000 INFO  [o.n.k.i.DiagnosticsManager] Total swap space: 0.00 B
2016-03-08 12:24:31.199+0000 INFO  [o.n.k.i.DiagnosticsManager] Free swap space: 0.00 B
2016-03-08 12:24:31.199+0000 INFO  [o.n.k.i.DiagnosticsManager] JVM memory information:
2016-03-08 12:24:31.199+0000 INFO  [o.n.k.i.DiagnosticsManager] Free  memory: 239.43 MB
2016-03-08 12:24:31.199+0000 INFO  [o.n.k.i.DiagnosticsManager] Total memory: 354.00 MB
2016-03-08 12:24:31.199+0000 INFO  [o.n.k.i.DiagnosticsManager] Max   memory: 6.55 GB
2016-03-08 12:24:31.201+0000 INFO  [o.n.k.i.DiagnosticsManager] Garbage Collector: PS Scavenge: [PS Eden Space, PS Survivor Space]
2016-03-08 12:24:31.201+0000 INFO  [o.n.k.i.DiagnosticsManager] Garbage Collector: PS MarkSweep: [PS Eden Space, PS Survivor Space, PS Old Gen]
2016-03-08 12:24:31.202+0000 INFO  [o.n.k.i.DiagnosticsManager] Memory Pool: Code Cache (Non-heap memory): committed=6.19 MB, used=6.12 MB, max=240.00 MB, threshold=0.00 B
2016-03-08 12:24:31.202+0000 INFO  [o.n.k.i.DiagnosticsManager] Memory Pool: Metaspace (Non-heap memory): committed=22.30 MB, used=21.76 MB, max=-1.00 B, threshold=0.00 B
2016-03-08 12:24:31.203+0000 INFO  [o.n.k.i.DiagnosticsManager] Memory Pool: Compressed Class Space (Non-heap memory): committed=3.55 MB, used=3.38 MB, max=1.00 GB, threshold=0.00 B
2016-03-08 12:24:31.203+0000 INFO  [o.n.k.i.DiagnosticsManager] Memory Pool: PS Eden Space (Heap memory): committed=118.00 MB, used=97.35 MB, max=2.42 GB, threshold=?
2016-03-08 12:24:31.203+0000 INFO  [o.n.k.i.DiagnosticsManager] Memory Pool: PS Survivor Space (Heap memory): committed=19.50 MB, used=0.00 B, max=19.50 MB, threshold=?
2016-03-08 12:24:31.204+0000 INFO  [o.n.k.i.DiagnosticsManager] Memory Pool: PS Old Gen (Heap memory): committed=216.50 MB, used=17.22 MB, max=4.91 GB, threshold=0.00 B
2016-03-08 12:24:31.204+0000 INFO  [o.n.k.i.DiagnosticsManager] Operating system information:
2016-03-08 12:24:31.204+0000 INFO  [o.n.k.i.DiagnosticsManager] Operating System: Linux; version: 3.19.0-26-generic; arch: amd64; cpus: 8
2016-03-08 12:24:31.204+0000 INFO  [o.n.k.i.DiagnosticsManager] Max number of file descriptors: 4.00 kB
2016-03-08 12:24:31.205+0000 INFO  [o.n.k.i.DiagnosticsManager] Number of open file descriptors: 82.00 B
2016-03-08 12:24:31.210+0000 INFO  [o.n.k.i.DiagnosticsManager] Process id: 3939@ip-10-126-33-194
2016-03-08 12:24:31.210+0000 INFO  [o.n.k.i.DiagnosticsManager] Byte order: LITTLE_ENDIAN
2016-03-08 12:24:31.210+0000 INFO  [o.n.k.i.DiagnosticsManager] Local timezone: Etc/UTC
2016-03-08 12:24:31.211+0000 INFO  [o.n.k.i.DiagnosticsManager] JVM information:
2016-03-08 12:24:31.211+0000 INFO  [o.n.k.i.DiagnosticsManager] VM Name: OpenJDK 64-Bit Server VM
2016-03-08 12:24:31.211+0000 INFO  [o.n.k.i.DiagnosticsManager] VM Vendor: Oracle Corporation
2016-03-08 12:24:31.211+0000 INFO  [o.n.k.i.DiagnosticsManager] VM Version: 25.45-b02
2016-03-08 12:24:31.211+0000 INFO  [o.n.k.i.DiagnosticsManager] JIT compiler: HotSpot 64-Bit Tiered Compilers
2016-03-08 12:24:31.211+0000 INFO  [o.n.k.i.DiagnosticsManager] VM Arguments: []
2016-03-08 12:24:31.211+0000 INFO  [o.n.k.i.DiagnosticsManager] Java classpath:
2016-03-08 12:24:31.217+0000 INFO  [o.n.k.i.DiagnosticsManager]  [bootstrap] /usr/lib/jvm/java-8-openjdk-amd64/jre/lib/jce.jar
2016-03-08 12:24:31.217+0000 INFO  [o.n.k.i.DiagnosticsManager]  [loader.1] file:/usr/lib/jvm/java-8-openjdk-amd64/jre/lib/ext/cldrdata.jar
2016-03-08 12:24:31.217+0000 INFO  [o.n.k.i.DiagnosticsManager]  [bootstrap] /usr/lib/jvm/java-8-openjdk-amd64/jre/classes
2016-03-08 12:24:31.217+0000 INFO  [o.n.k.i.DiagnosticsManager]  [classpath + loader.0] file:/opt/teamcity-agent/work/f8151e07c14d17c6/target/ronja-1.0-SNAPSHOT.jar
2016-03-08 12:24:31.217+0000 INFO  [o.n.k.i.DiagnosticsManager]  [loader.1] file:/usr/lib/jvm/java-8-openjdk-amd64/jre/lib/ext/java-atk-wrapper.jar
2016-03-08 12:24:31.217+0000 INFO  [o.n.k.i.DiagnosticsManager]  [loader.1] file:/usr/lib/jvm/java-8-openjdk-amd64/jre/lib/ext/zipfs.jar
2016-03-08 12:24:31.217+0000 INFO  [o.n.k.i.DiagnosticsManager]  [loader.1] file:/usr/lib/jvm/java-8-openjdk-amd64/jre/lib/ext/nashorn.jar
2016-03-08 12:24:31.217+0000 INFO  [o.n.k.i.DiagnosticsManager]  [loader.1] file:/usr/lib/jvm/java-8-openjdk-amd64/jre/lib/ext/icedtea-sound.jar
2016-03-08 12:24:31.217+0000 INFO  [o.n.k.i.DiagnosticsManager]  [loader.1] file:/usr/lib/jvm/java-8-openjdk-amd64/jre/lib/ext/dnsns.jar
2016-03-08 12:24:31.217+0000 INFO  [o.n.k.i.DiagnosticsManager]  [bootstrap] /usr/lib/jvm/java-8-openjdk-amd64/jre/lib/jsse.jar
2016-03-08 12:24:31.217+0000 INFO  [o.n.k.i.DiagnosticsManager]  [bootstrap] /usr/lib/jvm/java-8-openjdk-amd64/jre/lib/resources.jar
2016-03-08 12:24:31.217+0000 INFO  [o.n.k.i.DiagnosticsManager]  [loader.1] file:/usr/lib/jvm/java-8-openjdk-amd64/jre/lib/ext/localedata.jar
2016-03-08 12:24:31.217+0000 INFO  [o.n.k.i.DiagnosticsManager]  [loader.1] file:/usr/lib/jvm/java-8-openjdk-amd64/jre/lib/ext/sunjce_provider.jar
2016-03-08 12:24:31.218+0000 INFO  [o.n.k.i.DiagnosticsManager]  [loader.1] file:/usr/lib/jvm/java-8-openjdk-amd64/jre/lib/ext/sunpkcs11.jar
2016-03-08 12:24:31.218+0000 INFO  [o.n.k.i.DiagnosticsManager]  [bootstrap] /usr/lib/jvm/java-8-openjdk-amd64/jre/lib/charsets.jar
2016-03-08 12:24:31.218+0000 INFO  [o.n.k.i.DiagnosticsManager]  [loader.1] file:/usr/lib/jvm/java-8-openjdk-amd64/jre/lib/ext/libatk-wrapper.so
2016-03-08 12:24:31.218+0000 INFO  [o.n.k.i.DiagnosticsManager]  [bootstrap] /usr/lib/jvm/java-8-openjdk-amd64/jre/lib/sunrsasign.jar
2016-03-08 12:24:31.218+0000 INFO  [o.n.k.i.DiagnosticsManager]  [loader.1] file:/usr/lib/jvm/java-8-openjdk-amd64/jre/lib/ext/sunec.jar
2016-03-08 12:24:31.218+0000 INFO  [o.n.k.i.DiagnosticsManager]  [bootstrap] /usr/lib/jvm/java-8-openjdk-amd64/jre/lib/jfr.jar
2016-03-08 12:24:31.218+0000 INFO  [o.n.k.i.DiagnosticsManager]  [bootstrap] /usr/lib/jvm/java-8-openjdk-amd64/jre/lib/rt.jar
2016-03-08 12:24:31.218+0000 INFO  [o.n.k.i.DiagnosticsManager] Library path:
2016-03-08 12:24:31.218+0000 INFO  [o.n.k.i.DiagnosticsManager] /usr/java/packages/lib/amd64
2016-03-08 12:24:31.219+0000 INFO  [o.n.k.i.DiagnosticsManager] /usr/lib/x86_64-linux-gnu/jni
2016-03-08 12:24:31.219+0000 INFO  [o.n.k.i.DiagnosticsManager] /lib/x86_64-linux-gnu
2016-03-08 12:24:31.219+0000 INFO  [o.n.k.i.DiagnosticsManager] /usr/lib/x86_64-linux-gnu
2016-03-08 12:24:31.219+0000 INFO  [o.n.k.i.DiagnosticsManager] /usr/lib/jni
2016-03-08 12:24:31.219+0000 INFO  [o.n.k.i.DiagnosticsManager] /lib
2016-03-08 12:24:31.219+0000 INFO  [o.n.k.i.DiagnosticsManager] /usr/lib
2016-03-08 12:24:31.219+0000 INFO  [o.n.k.i.DiagnosticsManager] System.properties:
2016-03-08 12:24:31.219+0000 INFO  [o.n.k.i.DiagnosticsManager] sun.boot.library.path = /usr/lib/jvm/java-8-openjdk-amd64/jre/lib/amd64
2016-03-08 12:24:31.219+0000 INFO  [o.n.k.i.DiagnosticsManager] path.separator = :
2016-03-08 12:24:31.219+0000 INFO  [o.n.k.i.DiagnosticsManager] file.encoding.pkg = sun.io
2016-03-08 12:24:31.220+0000 INFO  [o.n.k.i.DiagnosticsManager] user.country = US
2016-03-08 12:24:31.220+0000 INFO  [o.n.k.i.DiagnosticsManager] sun.java.launcher = SUN_STANDARD
2016-03-08 12:24:31.220+0000 INFO  [o.n.k.i.DiagnosticsManager] sun.os.patch.level = unknown
2016-03-08 12:24:31.220+0000 INFO  [o.n.k.i.DiagnosticsManager] user.dir = /opt/teamcity-agent/work/f8151e07c14d17c6
2016-03-08 12:24:31.220+0000 INFO  [o.n.k.i.DiagnosticsManager] sun.jnu.encoding = UTF-8
2016-03-08 12:24:31.220+0000 INFO  [o.n.k.i.DiagnosticsManager] sun.management.compiler = HotSpot 64-Bit Tiered Compilers
2016-03-08 12:24:31.220+0000 INFO  [o.n.k.i.DiagnosticsManager] user.home = /home/teamcity
2016-03-08 12:24:31.220+0000 INFO  [o.n.k.i.DiagnosticsManager] user.timezone = Etc/UTC
2016-03-08 12:24:31.220+0000 INFO  [o.n.k.i.DiagnosticsManager] file.encoding = UTF-8
2016-03-08 12:24:31.220+0000 INFO  [o.n.k.i.DiagnosticsManager] user.name = teamcity
2016-03-08 12:24:31.220+0000 INFO  [o.n.k.i.DiagnosticsManager] sun.java.command = target/ronja-1.0-SNAPSHOT.jar prepare store ./graph.db
2016-03-08 12:24:31.220+0000 INFO  [o.n.k.i.DiagnosticsManager] sun.arch.data.model = 64
2016-03-08 12:24:31.220+0000 INFO  [o.n.k.i.DiagnosticsManager] user.language = en
2016-03-08 12:24:31.220+0000 INFO  [o.n.k.i.DiagnosticsManager] awt.toolkit = sun.awt.X11.XToolkit
2016-03-08 12:24:31.220+0000 INFO  [o.n.k.i.DiagnosticsManager] file.separator = /
2016-03-08 12:24:31.220+0000 INFO  [o.n.k.i.DiagnosticsManager] sun.io.unicode.encoding = UnicodeLittle
2016-03-08 12:24:31.220+0000 INFO  [o.n.k.i.DiagnosticsManager] sun.cpu.endian = little
2016-03-08 12:24:31.220+0000 INFO  [o.n.k.i.DiagnosticsManager] sun.cpu.isalist = 
2016-03-08 12:24:31.220+0000 INFO  [o.n.k.i.DiagnosticsManager] Linux scheduler information:
2016-03-08 12:24:31.232+0000 INFO  [o.n.k.i.DiagnosticsManager] none
2016-03-08 12:24:31.232+0000 INFO  [o.n.k.i.DiagnosticsManager] none
2016-03-08 12:24:31.232+0000 INFO  [o.n.k.i.DiagnosticsManager] none
2016-03-08 12:24:31.233+0000 INFO  [o.n.k.i.DiagnosticsManager] none
2016-03-08 12:24:31.233+0000 INFO  [o.n.k.i.DiagnosticsManager] none
2016-03-08 12:24:31.233+0000 INFO  [o.n.k.i.DiagnosticsManager] none
2016-03-08 12:24:31.233+0000 INFO  [o.n.k.i.DiagnosticsManager] none
2016-03-08 12:24:31.233+0000 INFO  [o.n.k.i.DiagnosticsManager] none
2016-03-08 12:24:31.234+0000 INFO  [o.n.k.i.DiagnosticsManager] none
2016-03-08 12:24:31.234+0000 INFO  [o.n.k.i.DiagnosticsManager] none
2016-03-08 12:24:31.234+0000 INFO  [o.n.k.i.DiagnosticsManager] noop [deadline] cfq 
2016-03-08 12:24:31.234+0000 INFO  [o.n.k.i.DiagnosticsManager] noop [deadline] cfq 
2016-03-08 12:24:31.234+0000 INFO  [o.n.k.i.DiagnosticsManager] noop [deadline] cfq 
2016-03-08 12:24:31.235+0000 INFO  [o.n.k.i.DiagnosticsManager] none
2016-03-08 12:24:31.235+0000 INFO  [o.n.k.i.DiagnosticsManager] none
2016-03-08 12:24:31.235+0000 INFO  [o.n.k.i.DiagnosticsManager] none
2016-03-08 12:24:31.235+0000 INFO  [o.n.k.i.DiagnosticsManager] none
2016-03-08 12:24:31.235+0000 INFO  [o.n.k.i.DiagnosticsManager] none
2016-03-08 12:24:31.236+0000 INFO  [o.n.k.i.DiagnosticsManager] none
2016-03-08 12:24:31.236+0000 INFO  [o.n.k.i.DiagnosticsManager] none
2016-03-08 12:24:31.236+0000 INFO  [o.n.k.i.DiagnosticsManager] none
2016-03-08 12:24:31.237+0000 INFO  [o.n.k.i.DiagnosticsManager] none
2016-03-08 12:24:31.237+0000 INFO  [o.n.k.i.DiagnosticsManager] none
2016-03-08 12:24:31.237+0000 INFO  [o.n.k.i.DiagnosticsManager] none
2016-03-08 12:24:31.237+0000 INFO  [o.n.k.i.DiagnosticsManager] none
2016-03-08 12:24:31.237+0000 INFO  [o.n.k.i.DiagnosticsManager] none
2016-03-08 12:24:31.238+0000 INFO  [o.n.k.i.DiagnosticsManager] none
2016-03-08 12:24:31.238+0000 INFO  [o.n.k.i.DiagnosticsManager] Network information:
2016-03-08 12:24:31.239+0000 INFO  [o.n.k.i.DiagnosticsManager] Interface eth0:
2016-03-08 12:24:31.239+0000 INFO  [o.n.k.i.DiagnosticsManager]     address: fe80:0:0:0:2000:bff:fe0f:c4c3%eth0
2016-03-08 12:24:31.239+0000 INFO  [o.n.k.i.DiagnosticsManager]     address: 10.126.33.194
2016-03-08 12:24:31.239+0000 INFO  [o.n.k.i.DiagnosticsManager] Interface lo:
2016-03-08 12:24:31.239+0000 INFO  [o.n.k.i.DiagnosticsManager]     address: 0:0:0:0:0:0:0:1%lo
2016-03-08 12:24:31.239+0000 INFO  [o.n.k.i.DiagnosticsManager]     address: 127.0.0.1
2016-03-08 12:24:31.240+0000 INFO  [o.n.k.i.DiagnosticsManager] --- INITIALIZED diagnostics END ---
2016-03-08 12:24:31.277+0000 INFO  [o.n.k.i.f.CommunityFacadeFactory] No record format specified, defaulting to 'community'
2016-03-08 12:24:31.342+0000 INFO  [o.n.k.i.s.p.StoreMigrator] Starting upgrade of database
2016-03-08 12:24:31.379+0000 INFO  [o.n.k.i.s.p.StoreMigrator] Migrating Indexes (1/3):
2016-03-08 12:24:31.385+0000 INFO  [o.n.k.i.s.p.StoreMigrator]   10% completed
2016-03-08 12:24:31.385+0000 INFO  [o.n.k.i.s.p.StoreMigrator]   20% completed
2016-03-08 12:24:31.385+0000 INFO  [o.n.k.i.s.p.StoreMigrator]   30% completed
2016-03-08 12:24:31.385+0000 INFO  [o.n.k.i.s.p.StoreMigrator]   40% completed
2016-03-08 12:24:31.386+0000 INFO  [o.n.k.i.s.p.StoreMigrator]   50% completed
2016-03-08 12:24:31.386+0000 INFO  [o.n.k.i.s.p.StoreMigrator]   60% completed
2016-03-08 12:24:31.386+0000 INFO  [o.n.k.i.s.p.StoreMigrator]   70% completed
2016-03-08 12:24:31.386+0000 INFO  [o.n.k.i.s.p.StoreMigrator]   80% completed
2016-03-08 12:24:31.386+0000 INFO  [o.n.k.i.s.p.StoreMigrator]   90% completed
2016-03-08 12:24:31.386+0000 INFO  [o.n.k.i.s.p.StoreMigrator]   100% completed
2016-03-08 12:24:31.387+0000 INFO  [o.n.k.i.s.p.StoreMigrator] Migrating Legacy indexes (2/3):
2016-03-08 12:24:37.122+0000 INFO  [o.n.k.i.s.p.StoreMigrator]   10% completed
2016-03-08 12:24:37.122+0000 INFO  [o.n.k.i.s.p.StoreMigrator]   20% completed
2016-03-08 12:24:37.122+0000 INFO  [o.n.k.i.s.p.StoreMigrator]   30% completed
2016-03-08 12:24:37.122+0000 INFO  [o.n.k.i.s.p.StoreMigrator]   40% completed
2016-03-08 12:24:37.122+0000 INFO  [o.n.k.i.s.p.StoreMigrator]   50% completed
2016-03-08 12:24:37.122+0000 INFO  [o.n.k.i.s.p.StoreMigrator]   60% completed
2016-03-08 12:24:37.122+0000 INFO  [o.n.k.i.s.p.StoreMigrator]   70% completed
2016-03-08 12:24:37.122+0000 INFO  [o.n.k.i.s.p.StoreMigrator]   80% completed
2016-03-08 12:24:37.122+0000 INFO  [o.n.k.i.s.p.StoreMigrator]   90% completed
2016-03-08 12:24:37.123+0000 INFO  [o.n.k.i.s.p.StoreMigrator]   100% completed
2016-03-08 12:24:37.123+0000 INFO  [o.n.k.i.s.p.StoreMigrator] Migrating Store files (3/3):
2016-03-08 12:24:37.131+0000 INFO  [o.n.k.i.s.p.StoreMigrator]   10% completed
2016-03-08 12:24:37.132+0000 INFO  [o.n.k.i.s.p.StoreMigrator]   20% completed
2016-03-08 12:24:37.132+0000 INFO  [o.n.k.i.s.p.StoreMigrator]   30% completed
2016-03-08 12:24:37.132+0000 INFO  [o.n.k.i.s.p.StoreMigrator]   40% completed
2016-03-08 12:24:37.132+0000 INFO  [o.n.k.i.s.p.StoreMigrator]   50% completed
2016-03-08 12:24:37.132+0000 INFO  [o.n.k.i.s.p.StoreMigrator]   60% completed
2016-03-08 12:24:37.132+0000 INFO  [o.n.k.i.s.p.StoreMigrator]   70% completed
2016-03-08 12:24:37.132+0000 INFO  [o.n.k.i.s.p.StoreMigrator]   80% completed
2016-03-08 12:24:37.132+0000 INFO  [o.n.k.i.s.p.StoreMigrator]   90% completed
2016-03-08 12:24:37.132+0000 INFO  [o.n.k.i.s.p.StoreMigrator]   100% completed
2016-03-08 12:24:37.194+0000 INFO  [o.n.k.i.s.p.StoreMigrator] Successfully finished upgrade of database
2016-03-08 12:24:39.325+0000 ERROR [o.n.k.i.s.c.CountsTracker] Failed to open counts store file: /opt/teamcity-agent/work/f8151e07c14d17c6/./graph.db/neostore.counts.db.a Format header/trailer has changed.
java.lang.IllegalStateException: Format header/trailer has changed.
	at org.neo4j.kernel.impl.store.kvstore.MetadataCollector$State.readFormatSpecifier(MetadataCollector.java:232)
	at org.neo4j.kernel.impl.store.kvstore.MetadataCollector$State.access$100(MetadataCollector.java:105)
	at org.neo4j.kernel.impl.store.kvstore.MetadataCollector$State$1.visit(MetadataCollector.java:112)
	at org.neo4j.kernel.impl.store.kvstore.MetadataCollector.visit(MetadataCollector.java:65)
	at org.neo4j.kernel.impl.store.kvstore.MetadataCollector.visit(MetadataCollector.java:28)
	at org.neo4j.kernel.impl.store.kvstore.KeyValueStoreFile.visitKeyValuePairs(KeyValueStoreFile.java:192)
	at org.neo4j.kernel.impl.store.kvstore.KeyValueStoreFile.scanAll(KeyValueStoreFile.java:182)
	at org.neo4j.kernel.impl.store.kvstore.KeyValueStoreFileFormat.open(KeyValueStoreFileFormat.java:287)
	at org.neo4j.kernel.impl.store.kvstore.KeyValueStoreFileFormat.openStore(KeyValueStoreFileFormat.java:78)
	at org.neo4j.kernel.impl.store.kvstore.RotationStrategy.open(RotationStrategy.java:65)
	at org.neo4j.kernel.impl.store.kvstore.DeadState$Stopped.initialize(DeadState.java:125)
	at org.neo4j.kernel.impl.store.kvstore.AbstractKeyValueStore.init(AbstractKeyValueStore.java:153)
	at org.neo4j.kernel.impl.store.NeoStores.createCountStore(NeoStores.java:572)
	at org.neo4j.kernel.impl.store.StoreType$15.open(StoreType.java:153)
	at org.neo4j.kernel.impl.store.StoreType$15.open(StoreType.java:148)
	at org.neo4j.kernel.impl.store.NeoStores.openStore(NeoStores.java:187)
	at org.neo4j.kernel.impl.store.NeoStores.getOrCreateStore(NeoStores.java:232)
	at org.neo4j.kernel.impl.store.NeoStores.<init>(NeoStores.java:130)
	at org.neo4j.kernel.impl.store.StoreFactory.openNeoStores(StoreFactory.java:191)
	at org.neo4j.kernel.impl.store.StoreFactory.openAllNeoStores(StoreFactory.java:155)
	at org.neo4j.kernel.impl.storageengine.impl.recordstorage.RecordStorageEngine.<init>(RecordStorageEngine.java:200)
	at org.neo4j.kernel.NeoStoreDataSource.buildStorageEngine(NeoStoreDataSource.java:563)
	at org.neo4j.kernel.NeoStoreDataSource.start(NeoStoreDataSource.java:436)
	at org.neo4j.kernel.lifecycle.LifeSupport$LifecycleInstance.start(LifeSupport.java:434)
	at org.neo4j.kernel.lifecycle.LifeSupport.start(LifeSupport.java:107)
	at org.neo4j.kernel.impl.transaction.state.DataSourceManager.start(DataSourceManager.java:99)
	at org.neo4j.kernel.lifecycle.LifeSupport$LifecycleInstance.start(LifeSupport.java:434)
	at org.neo4j.kernel.lifecycle.LifeSupport.start(LifeSupport.java:107)
	at org.neo4j.kernel.impl.factory.GraphDatabaseFacadeFactory.newFacade(GraphDatabaseFacadeFactory.java:140)
	at org.neo4j.kernel.impl.factory.CommunityFacadeFactory.newFacade(CommunityFacadeFactory.java:40)
	at org.neo4j.kernel.impl.factory.GraphDatabaseFacadeFactory.newFacade(GraphDatabaseFacadeFactory.java:108)
	at org.neo4j.graphdb.factory.GraphDatabaseFactory.newDatabase(GraphDatabaseFactory.java:130)
	at org.neo4j.graphdb.factory.GraphDatabaseFactory$1.newDatabase(GraphDatabaseFactory.java:118)
	at org.neo4j.graphdb.factory.GraphDatabaseBuilder.newGraphDatabase(GraphDatabaseBuilder.java:185)
	at org.neo4j.bench.ronja.Benchmark$.delayedEndpoint$org$neo4j$bench$ronja$Benchmark$1(Benchmark.scala:334)
	at org.neo4j.bench.ronja.Benchmark$delayedInit$body.apply(Benchmark.scala:57)
	at scala.Function0$class.apply$mcV$sp(Function0.scala:40)
	at scala.runtime.AbstractFunction0.apply$mcV$sp(AbstractFunction0.scala:12)
	at scala.App$$anonfun$main$1.apply(App.scala:76)
	at scala.App$$anonfun$main$1.apply(App.scala:76)
	at scala.collection.immutable.List.foreach(List.scala:381)
	at scala.collection.generic.TraversableForwarder$class.foreach(TraversableForwarder.scala:35)
	at scala.App$class.main(App.scala:76)
	at org.neo4j.bench.ronja.Benchmark$.main(Benchmark.scala:57)
	at org.neo4j.bench.ronja.Benchmark.main(Benchmark.scala)
2016-03-08 12:24:39.330+0000 ERROR [o.n.k.i.s.c.CountsTracker] Failed to open counts store file: /opt/teamcity-agent/work/f8151e07c14d17c6/./graph.db/neostore.counts.db.b Format header/trailer has changed.
java.lang.IllegalStateException: Format header/trailer has changed.
	at org.neo4j.kernel.impl.store.kvstore.MetadataCollector$State.readFormatSpecifier(MetadataCollector.java:232)
	at org.neo4j.kernel.impl.store.kvstore.MetadataCollector$State.access$100(MetadataCollector.java:105)
	at org.neo4j.kernel.impl.store.kvstore.MetadataCollector$State$1.visit(MetadataCollector.java:112)
	at org.neo4j.kernel.impl.store.kvstore.MetadataCollector.visit(MetadataCollector.java:65)
	at org.neo4j.kernel.impl.store.kvstore.MetadataCollector.visit(MetadataCollector.java:28)
	at org.neo4j.kernel.impl.store.kvstore.KeyValueStoreFile.visitKeyValuePairs(KeyValueStoreFile.java:192)
	at org.neo4j.kernel.impl.store.kvstore.KeyValueStoreFile.scanAll(KeyValueStoreFile.java:182)
	at org.neo4j.kernel.impl.store.kvstore.KeyValueStoreFileFormat.open(KeyValueStoreFileFormat.java:287)
	at org.neo4j.kernel.impl.store.kvstore.KeyValueStoreFileFormat.openStore(KeyValueStoreFileFormat.java:78)
	at org.neo4j.kernel.impl.store.kvstore.RotationStrategy.open(RotationStrategy.java:65)
	at org.neo4j.kernel.impl.store.kvstore.DeadState$Stopped.initialize(DeadState.java:125)
	at org.neo4j.kernel.impl.store.kvstore.AbstractKeyValueStore.init(AbstractKeyValueStore.java:153)
	at org.neo4j.kernel.impl.store.NeoStores.createCountStore(NeoStores.java:572)
	at org.neo4j.kernel.impl.store.StoreType$15.open(StoreType.java:153)
	at org.neo4j.kernel.impl.store.StoreType$15.open(StoreType.java:148)
	at org.neo4j.kernel.impl.store.NeoStores.openStore(NeoStores.java:187)
	at org.neo4j.kernel.impl.store.NeoStores.getOrCreateStore(NeoStores.java:232)
	at org.neo4j.kernel.impl.store.NeoStores.<init>(NeoStores.java:130)
	at org.neo4j.kernel.impl.store.StoreFactory.openNeoStores(StoreFactory.java:191)
	at org.neo4j.kernel.impl.store.StoreFactory.openAllNeoStores(StoreFactory.java:155)
	at org.neo4j.kernel.impl.storageengine.impl.recordstorage.RecordStorageEngine.<init>(RecordStorageEngine.java:200)
	at org.neo4j.kernel.NeoStoreDataSource.buildStorageEngine(NeoStoreDataSource.java:563)
	at org.neo4j.kernel.NeoStoreDataSource.start(NeoStoreDataSource.java:436)
	at org.neo4j.kernel.lifecycle.LifeSupport$LifecycleInstance.start(LifeSupport.java:434)
	at org.neo4j.kernel.lifecycle.LifeSupport.start(LifeSupport.java:107)
	at org.neo4j.kernel.impl.transaction.state.DataSourceManager.start(DataSourceManager.java:99)
	at org.neo4j.kernel.lifecycle.LifeSupport$LifecycleInstance.start(LifeSupport.java:434)
	at org.neo4j.kernel.lifecycle.LifeSupport.start(LifeSupport.java:107)
	at org.neo4j.kernel.impl.factory.GraphDatabaseFacadeFactory.newFacade(GraphDatabaseFacadeFactory.java:140)
	at org.neo4j.kernel.impl.factory.CommunityFacadeFactory.newFacade(CommunityFacadeFactory.java:40)
	at org.neo4j.kernel.impl.factory.GraphDatabaseFacadeFactory.newFacade(GraphDatabaseFacadeFactory.java:108)
	at org.neo4j.graphdb.factory.GraphDatabaseFactory.newDatabase(GraphDatabaseFactory.java:130)
	at org.neo4j.graphdb.factory.GraphDatabaseFactory$1.newDatabase(GraphDatabaseFactory.java:118)
	at org.neo4j.graphdb.factory.GraphDatabaseBuilder.newGraphDatabase(GraphDatabaseBuilder.java:185)
	at org.neo4j.bench.ronja.Benchmark$.delayedEndpoint$org$neo4j$bench$ronja$Benchmark$1(Benchmark.scala:334)
	at org.neo4j.bench.ronja.Benchmark$delayedInit$body.apply(Benchmark.scala:57)
	at scala.Function0$class.apply$mcV$sp(Function0.scala:40)
	at scala.runtime.AbstractFunction0.apply$mcV$sp(AbstractFunction0.scala:12)
	at scala.App$$anonfun$main$1.apply(App.scala:76)
	at scala.App$$anonfun$main$1.apply(App.scala:76)
	at scala.collection.immutable.List.foreach(List.scala:381)
	at scala.collection.generic.TraversableForwarder$class.foreach(TraversableForwarder.scala:35)
	at scala.App$class.main(App.scala:76)
	at org.neo4j.bench.ronja.Benchmark$.main(Benchmark.scala:57)
	at org.neo4j.bench.ronja.Benchmark.main(Benchmark.scala)
2016-03-08 12:24:39.433+0000 INFO  [o.n.k.i.a.i.IndexingService] IndexingService.init: index 1 on :label[1](property[5]) is POPULATING
2016-03-08 12:24:39.436+0000 INFO  [o.n.k.i.a.i.IndexingService] IndexingService.init: index 2 on :label[0](property[9]) is POPULATING
2016-03-08 12:24:39.437+0000 INFO  [o.n.k.i.a.i.IndexingService] IndexingService.init: index 3 on :label[3](property[5]) is POPULATING
2016-03-08 12:24:39.437+0000 INFO  [o.n.k.i.a.i.IndexingService] IndexingService.init: index 4 on :label[4](property[5]) is POPULATING
2016-03-08 12:24:39.438+0000 INFO  [o.n.k.i.a.i.IndexingService] IndexingService.init: index 8 on :label[2](property[3]) is POPULATING
2016-03-08 12:24:39.438+0000 INFO  [o.n.k.a.i.l.LuceneLabelScanStore] No lucene scan store index found, this might just be first use. Preparing to rebuild.
2016-03-08 12:24:39.950+0000 WARN  [o.n.k.i.s.MetaDataStore] Missing counts store, rebuilding it.
2016-03-08 12:24:40.389+0000 INFO  [o.n.k.i.a.i.IndexingService] IndexingService.start: index 8 on :User(login) is POPULATING
2016-03-08 12:24:40.390+0000 INFO  [o.n.k.i.a.i.IndexingService] IndexingService.start: index 1 on :Person(name) is POPULATING
2016-03-08 12:24:40.390+0000 INFO  [o.n.k.i.a.i.IndexingService] IndexingService.start: index 2 on :Movie(title) is POPULATING
2016-03-08 12:24:40.390+0000 INFO  [o.n.k.i.a.i.IndexingService] IndexingService.start: index 3 on :Actor(name) is POPULATING
2016-03-08 12:24:40.390+0000 INFO  [o.n.k.i.a.i.IndexingService] IndexingService.start: index 4 on :Director(name) is POPULATING
2016-03-08 12:24:40.401+0000 INFO  [o.n.k.i.a.i.IndexPopulationJob] Index population started: [:Person(name) [provider: {key=lucene, version=1.0}]]
2016-03-08 12:24:40.401+0000 WARN  [o.n.k.i.a.i.s.IndexSamplingController] Recovering index sampling for index :Movie(title)
2016-03-08 12:24:40.401+0000 WARN  [o.n.k.i.a.i.s.IndexSamplingController] Recovering index sampling for index :Director(name)
2016-03-08 12:24:40.401+0000 WARN  [o.n.k.i.a.i.s.IndexSamplingController] Recovering index sampling for index :User(login)
2016-03-08 12:24:40.402+0000 WARN  [o.n.k.i.a.i.s.IndexSamplingController] Recovering index sampling for index :Actor(name)
2016-03-08 12:24:40.402+0000 WARN  [o.n.k.i.a.i.s.IndexSamplingController] Recovering index sampling for index :Person(name)
2016-03-08 12:24:40.465+0000 INFO  [o.n.k.i.a.i.IndexPopulationJob] Index population started: [:Movie(title) [provider: {key=lucene, version=1.0}]]
2016-03-08 12:24:40.471+0000 INFO  [o.n.k.i.a.i.IndexPopulationJob] Index population started: [:Actor(name) [provider: {key=lucene, version=1.0}]]
2016-03-08 12:24:40.476+0000 INFO  [o.n.k.i.a.i.IndexPopulationJob] Index population started: [:Director(name) [provider: {key=lucene, version=1.0}]]
2016-03-08 12:24:40.483+0000 INFO  [o.n.k.i.a.i.IndexPopulationJob] Index population started: [:User(login) [provider: {key=lucene, version=1.0}]]
2016-03-08 12:24:41.086+0000 INFO  [o.n.k.i.a.i.IndexPopulationJob] Completed node store scan. Flushing all pending deletes.
org.neo4j.kernel.impl.api.index.BatchingMultipleIndexPopulator$BatchingStoreScan@1e508e8c
2016-03-08 12:24:41.102+0000 INFO  [o.n.k.i.a.i.IndexPopulationJob] Shutting down executor.
BatchingMultipleIndexPopulator{activeTasks=13, executor=java.util.concurrent.ThreadPoolExecutor@218cd0cc[Running, pool size = 7, active threads = 7, queued tasks = 6, completed tasks = 2], batchedUpdates = [], queuedUpdates = 0}
2016-03-08 12:24:42.028+0000 INFO  [o.n.k.i.a.i.IndexPopulationJob] Index population completed. Index is now online: [:Person(name) [provider: {key=lucene, version=1.0}]]
2016-03-08 12:24:42.178+0000 INFO  [o.n.k.i.a.i.IndexPopulationJob] Index population completed. Index is now online: [:Movie(title) [provider: {key=lucene, version=1.0}]]
2016-03-08 12:24:42.754+0000 INFO  [o.n.k.i.a.i.IndexPopulationJob] Index population completed. Index is now online: [:Actor(name) [provider: {key=lucene, version=1.0}]]
2016-03-08 12:24:42.801+0000 INFO  [o.n.k.i.a.i.IndexPopulationJob] Index population completed. Index is now online: [:Director(name) [provider: {key=lucene, version=1.0}]]
2016-03-08 12:24:42.826+0000 INFO  [o.n.k.i.a.i.IndexPopulationJob] Index population completed. Index is now online: [:User(login) [provider: {key=lucene, version=1.0}]]
2016-03-08 12:24:42.826+0000 INFO  [o.n.k.a.i.l.LuceneLabelScanStore] Rebuilding lucene scan store, this may take a while
2016-03-08 12:24:42.826+0000 INFO  [o.n.k.i.a.KernelSchemaStateStore] Schema state store has been cleared.
2016-03-08 12:24:43.137+0000 INFO  [o.n.k.a.i.l.LuceneLabelScanStore] Lucene scan store rebuilt (roughly 63041 nodes)
2016-03-08 12:24:43.139+0000 INFO  [o.n.k.i.DatabaseHealth] Database health set to OK
2016-03-08 12:24:43.175+0000 INFO  [o.n.k.AvailabilityGuard] Fulfilling of requirement makes database available: Database available
2016-03-08 12:24:43.176+0000 INFO  [o.n.k.i.f.CommunityFacadeFactory] Database is now ready
2016-03-08 12:24:43.177+0000 INFO  [o.n.k.i.DiagnosticsManager] --- STARTED diagnostics for KernelDiagnostics:Versions START ---
2016-03-08 12:24:43.177+0000 INFO  [o.n.k.i.DiagnosticsManager] Graph Database: community single StoreId{creationTime=1302041417160, randomId=279295251295883695, storeVersion=15531981201765894, upgradeTime=1457439877153, upgradeId=199}
2016-03-08 12:24:43.177+0000 INFO  [o.n.k.i.DiagnosticsManager] Kernel version: 3.0.0-SNAPSHOT,975133d
2016-03-08 12:24:43.177+0000 INFO  [o.n.k.i.DiagnosticsManager] --- STARTED diagnostics for KernelDiagnostics:Versions END ---
2016-03-08 12:24:43.178+0000 INFO  [o.n.k.i.DiagnosticsManager] --- STARTED diagnostics for NEO_STORE_VERSIONS START ---
2016-03-08 12:24:43.178+0000 INFO  [o.n.k.i.DiagnosticsManager] Store versions:
2016-03-08 12:24:43.179+0000 INFO  [o.n.k.i.DiagnosticsManager] Store versions:
2016-03-08 12:24:43.179+0000 INFO  [o.n.k.i.DiagnosticsManager]   ArrayPropertyStore v0.A.7
2016-03-08 12:24:43.179+0000 INFO  [o.n.k.i.DiagnosticsManager]   NodeStore v0.A.7
2016-03-08 12:24:43.179+0000 INFO  [o.n.k.i.DiagnosticsManager]   StringPropertyStore v0.A.7
2016-03-08 12:24:43.179+0000 INFO  [o.n.k.i.DiagnosticsManager]   PropertyIndexStore v0.A.7
2016-03-08 12:24:43.179+0000 INFO  [o.n.k.i.DiagnosticsManager]   StringPropertyStore v0.A.7
2016-03-08 12:24:43.179+0000 INFO  [o.n.k.i.DiagnosticsManager]   ArrayPropertyStore v0.A.7
2016-03-08 12:24:43.179+0000 INFO  [o.n.k.i.DiagnosticsManager]   PropertyStore v0.A.7
2016-03-08 12:24:43.179+0000 INFO  [o.n.k.i.DiagnosticsManager]   RelationshipStore v0.A.7
2016-03-08 12:24:43.179+0000 INFO  [o.n.k.i.DiagnosticsManager]   StringPropertyStore v0.A.7
2016-03-08 12:24:43.179+0000 INFO  [o.n.k.i.DiagnosticsManager]   RelationshipTypeStore v0.A.7
2016-03-08 12:24:43.179+0000 INFO  [o.n.k.i.DiagnosticsManager]   StringPropertyStore v0.A.7
2016-03-08 12:24:43.179+0000 INFO  [o.n.k.i.DiagnosticsManager]   LabelTokenStore v0.A.7
2016-03-08 12:24:43.179+0000 INFO  [o.n.k.i.DiagnosticsManager]   SchemaStore v0.A.7
2016-03-08 12:24:43.179+0000 INFO  [o.n.k.i.DiagnosticsManager]   RelationshipGroupStore v0.A.7
2016-03-08 12:24:43.179+0000 INFO  [o.n.k.i.DiagnosticsManager]   NeoStore v0.A.7
2016-03-08 12:24:43.180+0000 INFO  [o.n.k.i.DiagnosticsManager] --- STARTED diagnostics for NEO_STORE_VERSIONS END ---
2016-03-08 12:24:43.180+0000 INFO  [o.n.k.i.DiagnosticsManager] --- STARTED diagnostics for NEO_STORE_ID_USAGE START ---
2016-03-08 12:24:43.180+0000 INFO  [o.n.k.i.DiagnosticsManager] Id usage:
2016-03-08 12:24:43.180+0000 INFO  [o.n.k.i.DiagnosticsManager] Id usage:
2016-03-08 12:24:43.180+0000 INFO  [o.n.k.i.DiagnosticsManager]   ArrayPropertyStore: used=1 high=0
2016-03-08 12:24:43.180+0000 INFO  [o.n.k.i.DiagnosticsManager]   NodeStore: used=219901 high=219900
2016-03-08 12:24:43.180+0000 INFO  [o.n.k.i.DiagnosticsManager]   StringPropertyStore: used=28 high=27
2016-03-08 12:24:43.180+0000 INFO  [o.n.k.i.DiagnosticsManager]   PropertyIndexStore: used=27 high=26
2016-03-08 12:24:43.180+0000 INFO  [o.n.k.i.DiagnosticsManager]   StringPropertyStore: used=147180 high=147209
2016-03-08 12:24:43.180+0000 INFO  [o.n.k.i.DiagnosticsManager]   ArrayPropertyStore: used=1 high=0
2016-03-08 12:24:43.180+0000 INFO  [o.n.k.i.DiagnosticsManager]   PropertyStore: used=332090 high=426799
2016-03-08 12:24:43.180+0000 INFO  [o.n.k.i.DiagnosticsManager]   RelationshipStore: used=411613 high=411612
2016-03-08 12:24:43.181+0000 INFO  [o.n.k.i.DiagnosticsManager]   StringPropertyStore: used=6 high=5
2016-03-08 12:24:43.181+0000 INFO  [o.n.k.i.DiagnosticsManager]   RelationshipTypeStore: used=5 high=4
2016-03-08 12:24:43.181+0000 INFO  [o.n.k.i.DiagnosticsManager]   StringPropertyStore: used=6 high=5
2016-03-08 12:24:43.181+0000 INFO  [o.n.k.i.DiagnosticsManager]   LabelTokenStore: used=5 high=4
2016-03-08 12:24:43.181+0000 INFO  [o.n.k.i.DiagnosticsManager]   SchemaStore: used=10 high=9
2016-03-08 12:24:43.181+0000 INFO  [o.n.k.i.DiagnosticsManager]   RelationshipGroupStore: used=63 high=62
2016-03-08 12:24:43.181+0000 INFO  [o.n.k.i.DiagnosticsManager]   NeoStore: used=13 high=12
2016-03-08 12:24:43.181+0000 INFO  [o.n.k.i.DiagnosticsManager] --- STARTED diagnostics for NEO_STORE_ID_USAGE END ---
2016-03-08 12:24:43.181+0000 INFO  [o.n.k.i.DiagnosticsManager] --- STARTED diagnostics for NEO_STORE_RECORDS START ---
2016-03-08 12:24:43.181+0000 INFO  [o.n.k.i.DiagnosticsManager] Neostore records:
2016-03-08 12:24:43.182+0000 INFO  [o.n.k.i.DiagnosticsManager] TIME (Creation time): 1302041417160
2016-03-08 12:24:43.182+0000 INFO  [o.n.k.i.DiagnosticsManager] RANDOM_NUMBER (Random number for store id): 279295251295883695
2016-03-08 12:24:43.182+0000 INFO  [o.n.k.i.DiagnosticsManager] LOG_VERSION (Current log version): 30
2016-03-08 12:24:43.182+0000 INFO  [o.n.k.i.DiagnosticsManager] LAST_TRANSACTION_ID (Last committed transaction): 199
2016-03-08 12:24:43.182+0000 INFO  [o.n.k.i.DiagnosticsManager] STORE_VERSION (Store format version): 15531981201765894
2016-03-08 12:24:43.182+0000 INFO  [o.n.k.i.DiagnosticsManager] FIRST_GRAPH_PROPERTY (First property record containing graph properties): -1
2016-03-08 12:24:43.182+0000 INFO  [o.n.k.i.DiagnosticsManager] LAST_CONSTRAINT_TRANSACTION (Last committed transaction containing constraint changes): 197
2016-03-08 12:24:43.182+0000 INFO  [o.n.k.i.DiagnosticsManager] UPGRADE_TRANSACTION_ID (Transaction id most recent upgrade was performed at): 199
2016-03-08 12:24:43.183+0000 INFO  [o.n.k.i.DiagnosticsManager] UPGRADE_TIME (Time of last upgrade): 1457439877153
2016-03-08 12:24:43.183+0000 INFO  [o.n.k.i.DiagnosticsManager] LAST_TRANSACTION_CHECKSUM (Checksum of last committed transaction): 4291053755472262993
2016-03-08 12:24:43.183+0000 INFO  [o.n.k.i.DiagnosticsManager] UPGRADE_TRANSACTION_CHECKSUM (Checksum of transaction id the most recent upgrade was performed at): 4291053755472262993
2016-03-08 12:24:43.183+0000 INFO  [o.n.k.i.DiagnosticsManager] LAST_CLOSED_TRANSACTION_LOG_VERSION (Log version where the last transaction commit entry has been written into): 30
2016-03-08 12:24:43.183+0000 INFO  [o.n.k.i.DiagnosticsManager] LAST_CLOSED_TRANSACTION_LOG_BYTE_OFFSET (Byte offset in the log file where the last transaction commit entry has been written into): 52
2016-03-08 12:24:43.183+0000 INFO  [o.n.k.i.DiagnosticsManager] --- STARTED diagnostics for NEO_STORE_RECORDS END ---
2016-03-08 12:24:43.184+0000 INFO  [o.n.k.i.DiagnosticsManager] --- STARTED diagnostics for TRANSACTION_RANGE START ---
2016-03-08 12:24:43.184+0000 INFO  [o.n.k.i.DiagnosticsManager] Transaction log:
2016-03-08 12:24:43.184+0000 INFO  [o.n.k.i.DiagnosticsManager] Oldest transaction 200 found in log with version 30
2016-03-08 12:24:43.184+0000 INFO  [o.n.k.i.DiagnosticsManager] --- STARTED diagnostics for TRANSACTION_RANGE END ---
2016-03-08 12:24:43.184+0000 INFO  [o.n.k.i.DiagnosticsManager] --- STARTED diagnostics for KernelDiagnostics:StoreFiles START ---
2016-03-08 12:24:43.185+0000 INFO  [o.n.k.i.DiagnosticsManager] Disk space on partition (Total / Free / Free %): 105545592832 / 94762823680 / 89
Storage files: (filename : modification date - size)
2016-03-08 12:24:43.186+0000 INFO  [o.n.k.i.DiagnosticsManager]   debug.log: 2016-03-08T12:24:43+0000 - 36.02 kB
2016-03-08 12:24:43.186+0000 INFO  [o.n.k.i.DiagnosticsManager]   index:
2016-03-08 12:24:43.186+0000 INFO  [o.n.k.i.DiagnosticsManager]     lucene:
2016-03-08 12:24:43.186+0000 INFO  [o.n.k.i.DiagnosticsManager]       node:
2016-03-08 12:24:43.186+0000 INFO  [o.n.k.i.DiagnosticsManager]         Movie:
2016-03-08 12:24:43.186+0000 INFO  [o.n.k.i.DiagnosticsManager]           _n.fdt: 2016-03-08T12:24:33+0000 - 342.50 kB
2016-03-08 12:24:43.186+0000 INFO  [o.n.k.i.DiagnosticsManager]           _n.fdx: 2016-03-08T12:24:33+0000 - 250.00 B
2016-03-08 12:24:43.186+0000 INFO  [o.n.k.i.DiagnosticsManager]           _n.fnm: 2016-03-08T12:24:33+0000 - 327.00 B
2016-03-08 12:24:43.187+0000 INFO  [o.n.k.i.DiagnosticsManager]           _n.nvd: 2016-03-08T12:24:33+0000 - 59.00 B
2016-03-08 12:24:43.187+0000 INFO  [o.n.k.i.DiagnosticsManager]           _n.nvm: 2016-03-08T12:24:33+0000 - 98.00 B
2016-03-08 12:24:43.187+0000 INFO  [o.n.k.i.DiagnosticsManager]           _n.si: 2016-03-08T12:24:33+0000 - 514.00 B
2016-03-08 12:24:43.187+0000 INFO  [o.n.k.i.DiagnosticsManager]           _n_Lucene50_0.doc: 2016-03-08T12:24:33+0000 - 1.53 kB
2016-03-08 12:24:43.187+0000 INFO  [o.n.k.i.DiagnosticsManager]           _n_Lucene50_0.pos: 2016-03-08T12:24:33+0000 - 37.76 kB
2016-03-08 12:24:43.187+0000 INFO  [o.n.k.i.DiagnosticsManager]           _n_Lucene50_0.tim: 2016-03-08T12:24:33+0000 - 502.88 kB
2016-03-08 12:24:43.187+0000 INFO  [o.n.k.i.DiagnosticsManager]           _n_Lucene50_0.tip: 2016-03-08T12:24:33+0000 - 8.05 kB
2016-03-08 12:24:43.188+0000 INFO  [o.n.k.i.DiagnosticsManager]           segments_8: 2016-03-08T12:24:33+0000 - 136.00 B
2016-03-08 12:24:43.188+0000 INFO  [o.n.k.i.DiagnosticsManager]         - Total: 2016-03-08T12:24:39+0000 - 894.07 kB
2016-03-08 12:24:43.188+0000 INFO  [o.n.k.i.DiagnosticsManager]         Person:
2016-03-08 12:24:43.188+0000 INFO  [o.n.k.i.DiagnosticsManager]           _o.fdt: 2016-03-08T12:24:34+0000 - 1.18 MB
2016-03-08 12:24:43.188+0000 INFO  [o.n.k.i.DiagnosticsManager]           _o.fdx: 2016-03-08T12:24:34+0000 - 824.00 B
2016-03-08 12:24:43.188+0000 INFO  [o.n.k.i.DiagnosticsManager]           _o.fnm: 2016-03-08T12:24:35+0000 - 326.00 B
2016-03-08 12:24:43.188+0000 INFO  [o.n.k.i.DiagnosticsManager]           _o.nvd: 2016-03-08T12:24:35+0000 - 59.00 B
2016-03-08 12:24:43.188+0000 INFO  [o.n.k.i.DiagnosticsManager]           _o.nvm: 2016-03-08T12:24:35+0000 - 98.00 B
2016-03-08 12:24:43.189+0000 INFO  [o.n.k.i.DiagnosticsManager]           _o.si: 2016-03-08T12:24:35+0000 - 514.00 B
2016-03-08 12:24:43.189+0000 INFO  [o.n.k.i.DiagnosticsManager]           _o_Lucene50_0.doc: 2016-03-08T12:24:35+0000 - 1.82 kB
2016-03-08 12:24:43.189+0000 INFO  [o.n.k.i.DiagnosticsManager]           _o_Lucene50_0.pos: 2016-03-08T12:24:35+0000 - 147.05 kB
2016-03-08 12:24:43.189+0000 INFO  [o.n.k.i.DiagnosticsManager]           _o_Lucene50_0.tim: 2016-03-08T12:24:35+0000 - 1.75 MB
2016-03-08 12:24:43.189+0000 INFO  [o.n.k.i.DiagnosticsManager]           _o_Lucene50_0.tip: 2016-03-08T12:24:35+0000 - 32.01 kB
2016-03-08 12:24:43.189+0000 INFO  [o.n.k.i.DiagnosticsManager]           segments_8: 2016-03-08T12:24:35+0000 - 136.00 B
2016-03-08 12:24:43.190+0000 INFO  [o.n.k.i.DiagnosticsManager]         - Total: 2016-03-08T12:24:39+0000 - 3.11 MB
2016-03-08 12:24:43.190+0000 INFO  [o.n.k.i.DiagnosticsManager]         User:
2016-03-08 12:24:43.190+0000 INFO  [o.n.k.i.DiagnosticsManager]           _1h.fdt: 2016-03-08T12:24:33+0000 - 788.00 B
2016-03-08 12:24:43.190+0000 INFO  [o.n.k.i.DiagnosticsManager]           _1h.fdx: 2016-03-08T12:24:33+0000 - 84.00 B
2016-03-08 12:24:43.190+0000 INFO  [o.n.k.i.DiagnosticsManager]           _1h.fnm: 2016-03-08T12:24:33+0000 - 240.00 B
2016-03-08 12:24:43.190+0000 INFO  [o.n.k.i.DiagnosticsManager]           _1h.nvd: 2016-03-08T12:24:33+0000 - 59.00 B
2016-03-08 12:24:43.190+0000 INFO  [o.n.k.i.DiagnosticsManager]           _1h.nvm: 2016-03-08T12:24:33+0000 - 88.00 B
2016-03-08 12:24:43.190+0000 INFO  [o.n.k.i.DiagnosticsManager]           _1h.si: 2016-03-08T12:24:33+0000 - 524.00 B
2016-03-08 12:24:43.191+0000 INFO  [o.n.k.i.DiagnosticsManager]           _1h_Lucene50_0.doc: 2016-03-08T12:24:33+0000 - 114.00 B
2016-03-08 12:24:43.191+0000 INFO  [o.n.k.i.DiagnosticsManager]           _1h_Lucene50_0.pos: 2016-03-08T12:24:33+0000 - 173.00 B
2016-03-08 12:24:43.191+0000 INFO  [o.n.k.i.DiagnosticsManager]           _1h_Lucene50_0.tim: 2016-03-08T12:24:33+0000 - 1.29 kB
2016-03-08 12:24:43.191+0000 INFO  [o.n.k.i.DiagnosticsManager]           _1h_Lucene50_0.tip: 2016-03-08T12:24:33+0000 - 130.00 B
2016-03-08 12:24:43.191+0000 INFO  [o.n.k.i.DiagnosticsManager]           segments_a: 2016-03-08T12:24:33+0000 - 137.00 B
2016-03-08 12:24:43.191+0000 INFO  [o.n.k.i.DiagnosticsManager]         - Total: 2016-03-08T12:24:39+0000 - 3.58 kB
2016-03-08 12:24:43.191+0000 INFO  [o.n.k.i.DiagnosticsManager]         __types__:
2016-03-08 12:24:43.192+0000 INFO  [o.n.k.i.DiagnosticsManager]           _20.fdt: 2016-03-08T12:24:35+0000 - 406.01 kB
2016-03-08 12:24:43.192+0000 INFO  [o.n.k.i.DiagnosticsManager]           _20.fdx: 2016-03-08T12:24:35+0000 - 826.00 B
2016-03-08 12:24:43.192+0000 INFO  [o.n.k.i.DiagnosticsManager]           _20.fnm: 2016-03-08T12:24:35+0000 - 244.00 B
2016-03-08 12:24:43.192+0000 INFO  [o.n.k.i.DiagnosticsManager]           _20.nvd: 2016-03-08T12:24:35+0000 - 59.00 B
2016-03-08 12:24:43.192+0000 INFO  [o.n.k.i.DiagnosticsManager]           _20.nvm: 2016-03-08T12:24:35+0000 - 88.00 B
2016-03-08 12:24:43.192+0000 INFO  [o.n.k.i.DiagnosticsManager]           _20.si: 2016-03-08T12:24:35+0000 - 524.00 B
2016-03-08 12:24:43.192+0000 INFO  [o.n.k.i.DiagnosticsManager]           _20_Lucene50_0.doc: 2016-03-08T12:24:35+0000 - 27.78 kB
2016-03-08 12:24:43.192+0000 INFO  [o.n.k.i.DiagnosticsManager]           _20_Lucene50_0.pos: 2016-03-08T12:24:35+0000 - 62.80 kB
2016-03-08 12:24:43.193+0000 INFO  [o.n.k.i.DiagnosticsManager]           _20_Lucene50_0.tim: 2016-03-08T12:24:35+0000 - 610.11 kB
2016-03-08 12:24:43.193+0000 INFO  [o.n.k.i.DiagnosticsManager]           _20_Lucene50_0.tip: 2016-03-08T12:24:35+0000 - 8.19 kB
2016-03-08 12:24:43.193+0000 INFO  [o.n.k.i.DiagnosticsManager]           segments_b: 2016-03-08T12:24:35+0000 - 137.00 B
2016-03-08 12:24:43.193+0000 INFO  [o.n.k.i.DiagnosticsManager]         - Total: 2016-03-08T12:24:39+0000 - 1.09 MB
2016-03-08 12:24:43.193+0000 INFO  [o.n.k.i.DiagnosticsManager]         search:
2016-03-08 12:24:43.193+0000 INFO  [o.n.k.i.DiagnosticsManager]           _10.fdt: 2016-03-08T12:24:32+0000 - 364.71 kB
2016-03-08 12:24:43.193+0000 INFO  [o.n.k.i.DiagnosticsManager]           _10.fdx: 2016-03-08T12:24:32+0000 - 396.00 B
2016-03-08 12:24:43.193+0000 INFO  [o.n.k.i.DiagnosticsManager]           _10.fnm: 2016-03-08T12:24:33+0000 - 332.00 B
2016-03-08 12:24:43.194+0000 INFO  [o.n.k.i.DiagnosticsManager]           _10.nvd: 2016-03-08T12:24:33+0000 - 25.18 kB
2016-03-08 12:24:43.194+0000 INFO  [o.n.k.i.DiagnosticsManager]           _10.nvm: 2016-03-08T12:24:33+0000 - 98.00 B
2016-03-08 12:24:43.194+0000 INFO  [o.n.k.i.DiagnosticsManager]           _10.si: 2016-03-08T12:24:33+0000 - 524.00 B
2016-03-08 12:24:43.194+0000 INFO  [o.n.k.i.DiagnosticsManager]           _10_Lucene50_0.doc: 2016-03-08T12:24:33+0000 - 58.92 kB
2016-03-08 12:24:43.194+0000 INFO  [o.n.k.i.DiagnosticsManager]           _10_Lucene50_0.pos: 2016-03-08T12:24:33+0000 - 87.23 kB
2016-03-08 12:24:43.194+0000 INFO  [o.n.k.i.DiagnosticsManager]           _10_Lucene50_0.tim: 2016-03-08T12:24:33+0000 - 531.15 kB
2016-03-08 12:24:43.194+0000 INFO  [o.n.k.i.DiagnosticsManager]           _10_Lucene50_0.tip: 2016-03-08T12:24:33+0000 - 8.93 kB
2016-03-08 12:24:43.194+0000 INFO  [o.n.k.i.DiagnosticsManager]           segments_b: 2016-03-08T12:24:33+0000 - 137.00 B
2016-03-08 12:24:43.195+0000 INFO  [o.n.k.i.DiagnosticsManager]         - Total: 2016-03-08T12:24:39+0000 - 1.05 MB
2016-03-08 12:24:43.195+0000 INFO  [o.n.k.i.DiagnosticsManager]       - Total: 2016-03-08T12:24:31+0000 - 6.13 MB
2016-03-08 12:24:43.195+0000 INFO  [o.n.k.i.DiagnosticsManager]       relationship:
2016-03-08 12:24:43.195+0000 INFO  [o.n.k.i.DiagnosticsManager]         __types__:
2016-03-08 12:24:43.195+0000 INFO  [o.n.k.i.DiagnosticsManager]           _2d.fdt: 2016-03-08T12:24:36+0000 - 1.23 MB
2016-03-08 12:24:43.195+0000 INFO  [o.n.k.i.DiagnosticsManager]           _2d.fdx: 2016-03-08T12:24:36+0000 - 2.58 kB
2016-03-08 12:24:43.195+0000 INFO  [o.n.k.i.DiagnosticsManager]           _2d.fnm: 2016-03-08T12:24:36+0000 - 442.00 B
2016-03-08 12:24:43.196+0000 INFO  [o.n.k.i.DiagnosticsManager]           _2d.nvd: 2016-03-08T12:24:36+0000 - 92.57 kB
2016-03-08 12:24:43.196+0000 INFO  [o.n.k.i.DiagnosticsManager]           _2d.nvm: 2016-03-08T12:24:36+0000 - 108.00 B
2016-03-08 12:24:43.196+0000 INFO  [o.n.k.i.DiagnosticsManager]           _2d.si: 2016-03-08T12:24:36+0000 - 524.00 B
2016-03-08 12:24:43.196+0000 INFO  [o.n.k.i.DiagnosticsManager]           _2d_Lucene50_0.doc: 2016-03-08T12:24:36+0000 - 281.04 kB
2016-03-08 12:24:43.196+0000 INFO  [o.n.k.i.DiagnosticsManager]           _2d_Lucene50_0.pos: 2016-03-08T12:24:36+0000 - 290.82 kB
2016-03-08 12:24:43.196+0000 INFO  [o.n.k.i.DiagnosticsManager]           _2d_Lucene50_0.tim: 2016-03-08T12:24:36+0000 - 1.39 MB
2016-03-08 12:24:43.196+0000 INFO  [o.n.k.i.DiagnosticsManager]           _2d_Lucene50_0.tip: 2016-03-08T12:24:36+0000 - 24.32 kB
2016-03-08 12:24:43.196+0000 INFO  [o.n.k.i.DiagnosticsManager]           segments_d: 2016-03-08T12:24:36+0000 - 137.00 B
2016-03-08 12:24:43.197+0000 INFO  [o.n.k.i.DiagnosticsManager]         - Total: 2016-03-08T12:24:39+0000 - 3.30 MB
2016-03-08 12:24:43.197+0000 INFO  [o.n.k.i.DiagnosticsManager]       - Total: 2016-03-08T12:24:31+0000 - 3.30 MB
2016-03-08 12:24:43.197+0000 INFO  [o.n.k.i.DiagnosticsManager]     - Total: 2016-03-08T12:24:31+0000 - 9.43 MB
2016-03-08 12:24:43.197+0000 INFO  [o.n.k.i.DiagnosticsManager]     lucene-store.db: 2016-03-08T12:24:31+0000 - 40.00 B
2016-03-08 12:24:43.197+0000 INFO  [o.n.k.i.DiagnosticsManager]     lucene.log.active: 2016-03-08T12:24:31+0000 - 4.00 B
2016-03-08 12:24:43.197+0000 INFO  [o.n.k.i.DiagnosticsManager]     lucene.log.v17: 2016-03-08T12:24:31+0000 - 16.00 B
2016-03-08 12:24:43.197+0000 INFO  [o.n.k.i.DiagnosticsManager]     lucene.log.v18: 2016-03-08T12:24:31+0000 - 16.00 B
2016-03-08 12:24:43.197+0000 INFO  [o.n.k.i.DiagnosticsManager]     lucene.log.v19: 2016-03-08T12:24:31+0000 - 16.00 B
2016-03-08 12:24:43.198+0000 INFO  [o.n.k.i.DiagnosticsManager]     lucene.log.v20: 2016-03-08T12:24:31+0000 - 16.00 B
2016-03-08 12:24:43.198+0000 INFO  [o.n.k.i.DiagnosticsManager]     lucene.log.v21: 2016-03-08T12:24:31+0000 - 16.00 B
2016-03-08 12:24:43.198+0000 INFO  [o.n.k.i.DiagnosticsManager]     lucene.log.v22: 2016-03-08T12:24:31+0000 - 16.00 B
2016-03-08 12:24:43.198+0000 INFO  [o.n.k.i.DiagnosticsManager]     lucene.log.v23: 2016-03-08T12:24:31+0000 - 16.00 B
2016-03-08 12:24:43.198+0000 INFO  [o.n.k.i.DiagnosticsManager]   - Total: 2016-03-08T12:24:31+0000 - 9.43 MB
2016-03-08 12:24:43.198+0000 INFO  [o.n.k.i.DiagnosticsManager]   index.db: 2011-04-05T22:10:46+0000 - 569.00 B
2016-03-08 12:24:43.198+0000 INFO  [o.n.k.i.DiagnosticsManager]   messages.log: 2015-10-01T09:17:21+0000 - 469.54 kB
2016-03-08 12:24:43.199+0000 INFO  [o.n.k.i.DiagnosticsManager]   neostore: 2016-03-08T12:24:37+0000 - 8.00 kB
2016-03-08 12:24:43.199+0000 INFO  [o.n.k.i.DiagnosticsManager]   neostore.counts.db.a: 2016-03-08T12:24:40+0000 - 1.13 kB
2016-03-08 12:24:43.199+0000 INFO  [o.n.k.i.DiagnosticsManager]   neostore.counts.db.b: 2015-10-01T09:17:21+0000 - 1.47 kB
2016-03-08 12:24:43.199+0000 INFO  [o.n.k.i.DiagnosticsManager]   neostore.id: 2016-03-08T12:24:39+0000 - 9.00 B
2016-03-08 12:24:43.199+0000 INFO  [o.n.k.i.DiagnosticsManager]   neostore.labeltokenstore.db: 2015-10-01T09:17:16+0000 - 25.00 B
2016-03-08 12:24:43.199+0000 INFO  [o.n.k.i.DiagnosticsManager]   neostore.labeltokenstore.db.id: 2016-03-08T12:24:39+0000 - 9.00 B
2016-03-08 12:24:43.199+0000 INFO  [o.n.k.i.DiagnosticsManager]   neostore.labeltokenstore.db.names: 2015-10-01T09:17:16+0000 - 228.00 B
2016-03-08 12:24:43.200+0000 INFO  [o.n.k.i.DiagnosticsManager]   neostore.labeltokenstore.db.names.id: 2016-03-08T12:24:39+0000 - 9.00 B
2016-03-08 12:24:43.200+0000 INFO  [o.n.k.i.DiagnosticsManager]   neostore.nodestore.db: 2015-10-01T09:17:16+0000 - 3.15 MB
2016-03-08 12:24:43.200+0000 INFO  [o.n.k.i.DiagnosticsManager]   neostore.nodestore.db.id: 2016-03-08T12:24:37+0000 - 9.00 B
2016-03-08 12:24:43.200+0000 INFO  [o.n.k.i.DiagnosticsManager]   neostore.nodestore.db.labels: 2015-10-01T09:17:16+0000 - 68.00 B
2016-03-08 12:24:43.200+0000 INFO  [o.n.k.i.DiagnosticsManager]   neostore.nodestore.db.labels.id: 2016-03-08T12:24:37+0000 - 9.00 B
2016-03-08 12:24:43.200+0000 INFO  [o.n.k.i.DiagnosticsManager]   neostore.propertystore.db: 2015-10-01T09:17:16+0000 - 16.69 MB
2016-03-08 12:24:43.200+0000 INFO  [o.n.k.i.DiagnosticsManager]   neostore.propertystore.db.arrays: 2015-10-01T09:17:16+0000 - 128.00 B
2016-03-08 12:24:43.200+0000 INFO  [o.n.k.i.DiagnosticsManager]   neostore.propertystore.db.arrays.id: 2016-03-08T12:24:37+0000 - 9.00 B
2016-03-08 12:24:43.201+0000 INFO  [o.n.k.i.DiagnosticsManager]   neostore.propertystore.db.id: 2016-03-08T12:24:38+0000 - 739.93 kB
2016-03-08 12:24:43.201+0000 INFO  [o.n.k.i.DiagnosticsManager]   neostore.propertystore.db.index: 2015-10-01T09:17:16+0000 - 243.00 B
2016-03-08 12:24:43.201+0000 INFO  [o.n.k.i.DiagnosticsManager]   neostore.propertystore.db.index.id: 2016-03-08T12:24:37+0000 - 9.00 B
2016-03-08 12:24:43.201+0000 INFO  [o.n.k.i.DiagnosticsManager]   neostore.propertystore.db.index.keys: 2015-10-01T09:17:16+0000 - 1.04 kB
2016-03-08 12:24:43.201+0000 INFO  [o.n.k.i.DiagnosticsManager]   neostore.propertystore.db.index.keys.id: 2016-03-08T12:24:37+0000 - 9.00 B
2016-03-08 12:24:43.201+0000 INFO  [o.n.k.i.DiagnosticsManager]   neostore.propertystore.db.strings: 2015-10-01T09:17:16+0000 - 17.97 MB
2016-03-08 12:24:43.201+0000 INFO  [o.n.k.i.DiagnosticsManager]   neostore.propertystore.db.strings.id: 2016-03-08T12:24:37+0000 - 249.00 B
2016-03-08 12:24:43.201+0000 INFO  [o.n.k.i.DiagnosticsManager]   neostore.relationshipgroupstore.db: 2015-10-01T09:17:16+0000 - 1.54 kB
2016-03-08 12:24:43.202+0000 INFO  [o.n.k.i.DiagnosticsManager]   neostore.relationshipgroupstore.db.id: 2016-03-08T12:24:39+0000 - 9.00 B
2016-03-08 12:24:43.202+0000 INFO  [o.n.k.i.DiagnosticsManager]   neostore.relationshipstore.db: 2015-10-01T09:17:16+0000 - 13.35 MB
2016-03-08 12:24:43.202+0000 INFO  [o.n.k.i.DiagnosticsManager]   neostore.relationshipstore.db.id: 2016-03-08T12:24:39+0000 - 9.00 B
2016-03-08 12:24:43.202+0000 INFO  [o.n.k.i.DiagnosticsManager]   neostore.relationshiptypestore.db: 2015-10-01T09:17:16+0000 - 25.00 B
2016-03-08 12:24:43.202+0000 INFO  [o.n.k.i.DiagnosticsManager]   neostore.relationshiptypestore.db.id: 2016-03-08T12:24:39+0000 - 9.00 B
2016-03-08 12:24:43.202+0000 INFO  [o.n.k.i.DiagnosticsManager]   neostore.relationshiptypestore.db.names: 2015-10-01T09:17:16+0000 - 228.00 B
2016-03-08 12:24:43.202+0000 INFO  [o.n.k.i.DiagnosticsManager]   neostore.relationshiptypestore.db.names.id: 2016-03-08T12:24:39+0000 - 9.00 B
2016-03-08 12:24:43.202+0000 INFO  [o.n.k.i.DiagnosticsManager]   neostore.schemastore.db: 2015-10-01T09:17:16+0000 - 640.00 B
2016-03-08 12:24:43.203+0000 INFO  [o.n.k.i.DiagnosticsManager]   neostore.schemastore.db.id: 2016-03-08T12:24:39+0000 - 9.00 B
2016-03-08 12:24:43.203+0000 INFO  [o.n.k.i.DiagnosticsManager]   neostore.transaction.db.29: 2015-06-04T13:13:48+0000 - 16.00 B
2016-03-08 12:24:43.203+0000 INFO  [o.n.k.i.DiagnosticsManager]   neostore.transaction.db.30: 2015-10-01T09:17:21+0000 - 52.00 B
2016-03-08 12:24:43.203+0000 INFO  [o.n.k.i.DiagnosticsManager]   schema:
2016-03-08 12:24:43.203+0000 INFO  [o.n.k.i.DiagnosticsManager]     index:
2016-03-08 12:24:43.203+0000 INFO  [o.n.k.i.DiagnosticsManager]       lucene:
2016-03-08 12:24:43.203+0000 INFO  [o.n.k.i.DiagnosticsManager]         1:
2016-03-08 12:24:43.203+0000 INFO  [o.n.k.i.DiagnosticsManager]           1:
2016-03-08 12:24:43.203+0000 INFO  [o.n.k.i.DiagnosticsManager]             _4.cfe: 2016-03-08T12:24:41+0000 - 417.00 B
2016-03-08 12:24:43.204+0000 INFO  [o.n.k.i.DiagnosticsManager]             _4.cfs: 2016-03-08T12:24:41+0000 - 880.63 kB
2016-03-08 12:24:43.204+0000 INFO  [o.n.k.i.DiagnosticsManager]             _4.si: 2016-03-08T12:24:41+0000 - 422.00 B
2016-03-08 12:24:43.204+0000 INFO  [o.n.k.i.DiagnosticsManager]             _5.cfe: 2016-03-08T12:24:41+0000 - 417.00 B
2016-03-08 12:24:43.204+0000 INFO  [o.n.k.i.DiagnosticsManager]             _5.cfs: 2016-03-08T12:24:41+0000 - 585.74 kB
2016-03-08 12:24:43.204+0000 INFO  [o.n.k.i.DiagnosticsManager]             _5.si: 2016-03-08T12:24:41+0000 - 422.00 B
2016-03-08 12:24:43.204+0000 INFO  [o.n.k.i.DiagnosticsManager]             segments_2: 2016-03-08T12:24:41+0000 - 212.00 B
2016-03-08 12:24:43.204+0000 INFO  [o.n.k.i.DiagnosticsManager]             write.lock: 2016-03-08T12:24:40+0000 - 0.00 B
2016-03-08 12:24:43.205+0000 INFO  [o.n.k.i.DiagnosticsManager]           - Total: 2016-03-08T12:24:42+0000 - 1.43 MB
2016-03-08 12:24:43.205+0000 INFO  [o.n.k.i.DiagnosticsManager]           failure-message: 2016-03-08T12:24:40+0000 - 16.00 kB
2016-03-08 12:24:43.205+0000 INFO  [o.n.k.i.DiagnosticsManager]         - Total: 2016-03-08T12:24:40+0000 - 1.45 MB
2016-03-08 12:24:43.205+0000 INFO  [o.n.k.i.DiagnosticsManager]         2:
2016-03-08 12:24:43.205+0000 INFO  [o.n.k.i.DiagnosticsManager]           1:
2016-03-08 12:24:43.205+0000 INFO  [o.n.k.i.DiagnosticsManager]             _0.cfe: 2016-03-08T12:24:42+0000 - 417.00 B
2016-03-08 12:24:43.205+0000 INFO  [o.n.k.i.DiagnosticsManager]             _0.cfs: 2016-03-08T12:24:42+0000 - 334.59 kB
2016-03-08 12:24:43.205+0000 INFO  [o.n.k.i.DiagnosticsManager]             _0.si: 2016-03-08T12:24:42+0000 - 385.00 B
2016-03-08 12:24:43.206+0000 INFO  [o.n.k.i.DiagnosticsManager]             _1.cfe: 2016-03-08T12:24:42+0000 - 417.00 B
2016-03-08 12:24:43.206+0000 INFO  [o.n.k.i.DiagnosticsManager]             _1.cfs: 2016-03-08T12:24:42+0000 - 102.23 kB
2016-03-08 12:24:43.206+0000 INFO  [o.n.k.i.DiagnosticsManager]             _1.si: 2016-03-08T12:24:42+0000 - 385.00 B
2016-03-08 12:24:43.206+0000 INFO  [o.n.k.i.DiagnosticsManager]             segments_1: 2016-03-08T12:24:42+0000 - 212.00 B
2016-03-08 12:24:43.206+0000 INFO  [o.n.k.i.DiagnosticsManager]             write.lock: 2016-03-08T12:24:40+0000 - 0.00 B
2016-03-08 12:24:43.206+0000 INFO  [o.n.k.i.DiagnosticsManager]           - Total: 2016-03-08T12:24:42+0000 - 438.59 kB
2016-03-08 12:24:43.206+0000 INFO  [o.n.k.i.DiagnosticsManager]           failure-message: 2016-03-08T12:24:40+0000 - 16.00 kB
2016-03-08 12:24:43.206+0000 INFO  [o.n.k.i.DiagnosticsManager]         - Total: 2016-03-08T12:24:40+0000 - 454.59 kB
2016-03-08 12:24:43.206+0000 INFO  [o.n.k.i.DiagnosticsManager]         3:
2016-03-08 12:24:43.207+0000 INFO  [o.n.k.i.DiagnosticsManager]           1:
2016-03-08 12:24:43.207+0000 INFO  [o.n.k.i.DiagnosticsManager]             _6.cfe: 2016-03-08T12:24:42+0000 - 417.00 B
2016-03-08 12:24:43.207+0000 INFO  [o.n.k.i.DiagnosticsManager]             _6.cfs: 2016-03-08T12:24:42+0000 - 1.29 MB
2016-03-08 12:24:43.207+0000 INFO  [o.n.k.i.DiagnosticsManager]             _6.si: 2016-03-08T12:24:42+0000 - 422.00 B
2016-03-08 12:24:43.207+0000 INFO  [o.n.k.i.DiagnosticsManager]             segments_2: 2016-03-08T12:24:42+0000 - 150.00 B
2016-03-08 12:24:43.207+0000 INFO  [o.n.k.i.DiagnosticsManager]             write.lock: 2016-03-08T12:24:40+0000 - 0.00 B
2016-03-08 12:24:43.207+0000 INFO  [o.n.k.i.DiagnosticsManager]           - Total: 2016-03-08T12:24:42+0000 - 1.29 MB
2016-03-08 12:24:43.207+0000 INFO  [o.n.k.i.DiagnosticsManager]           failure-message: 2016-03-08T12:24:40+0000 - 16.00 kB
2016-03-08 12:24:43.208+0000 INFO  [o.n.k.i.DiagnosticsManager]         - Total: 2016-03-08T12:24:40+0000 - 1.31 MB
2016-03-08 12:24:43.208+0000 INFO  [o.n.k.i.DiagnosticsManager]         4:
2016-03-08 12:24:43.208+0000 INFO  [o.n.k.i.DiagnosticsManager]           1:
2016-03-08 12:24:43.208+0000 INFO  [o.n.k.i.DiagnosticsManager]             _0.cfe: 2016-03-08T12:24:42+0000 - 417.00 B
2016-03-08 12:24:43.208+0000 INFO  [o.n.k.i.DiagnosticsManager]             _0.cfs: 2016-03-08T12:24:42+0000 - 189.37 kB
2016-03-08 12:24:43.208+0000 INFO  [o.n.k.i.DiagnosticsManager]             _0.si: 2016-03-08T12:24:42+0000 - 385.00 B
2016-03-08 12:24:43.208+0000 INFO  [o.n.k.i.DiagnosticsManager]             segments_1: 2016-03-08T12:24:42+0000 - 150.00 B
2016-03-08 12:24:43.208+0000 INFO  [o.n.k.i.DiagnosticsManager]             write.lock: 2016-03-08T12:24:40+0000 - 0.00 B
2016-03-08 12:24:43.208+0000 INFO  [o.n.k.i.DiagnosticsManager]           - Total: 2016-03-08T12:24:42+0000 - 190.29 kB
2016-03-08 12:24:43.209+0000 INFO  [o.n.k.i.DiagnosticsManager]           failure-message: 2016-03-08T12:24:40+0000 - 16.00 kB
2016-03-08 12:24:43.209+0000 INFO  [o.n.k.i.DiagnosticsManager]         - Total: 2016-03-08T12:24:40+0000 - 206.29 kB
2016-03-08 12:24:43.209+0000 INFO  [o.n.k.i.DiagnosticsManager]         8:
2016-03-08 12:24:43.209+0000 INFO  [o.n.k.i.DiagnosticsManager]           1:
2016-03-08 12:24:43.209+0000 INFO  [o.n.k.i.DiagnosticsManager]             _0.cfe: 2016-03-08T12:24:42+0000 - 417.00 B
2016-03-08 12:24:43.209+0000 INFO  [o.n.k.i.DiagnosticsManager]             _0.cfs: 2016-03-08T12:24:42+0000 - 3.07 kB
2016-03-08 12:24:43.209+0000 INFO  [o.n.k.i.DiagnosticsManager]             _0.si: 2016-03-08T12:24:42+0000 - 385.00 B
2016-03-08 12:24:43.209+0000 INFO  [o.n.k.i.DiagnosticsManager]             segments_1: 2016-03-08T12:24:42+0000 - 150.00 B
2016-03-08 12:24:43.209+0000 INFO  [o.n.k.i.DiagnosticsManager]             write.lock: 2016-03-08T12:24:40+0000 - 0.00 B
2016-03-08 12:24:43.210+0000 INFO  [o.n.k.i.DiagnosticsManager]           - Total: 2016-03-08T12:24:42+0000 - 4.00 kB
2016-03-08 12:24:43.210+0000 INFO  [o.n.k.i.DiagnosticsManager]           failure-message: 2016-03-08T12:24:40+0000 - 16.00 kB
2016-03-08 12:24:43.210+0000 INFO  [o.n.k.i.DiagnosticsManager]         - Total: 2016-03-08T12:24:40+0000 - 20.00 kB
2016-03-08 12:24:43.210+0000 INFO  [o.n.k.i.DiagnosticsManager]       - Total: 2016-03-08T12:24:40+0000 - 3.42 MB
2016-03-08 12:24:43.210+0000 INFO  [o.n.k.i.DiagnosticsManager]     - Total: 2016-03-08T12:24:40+0000 - 3.42 MB
2016-03-08 12:24:43.210+0000 INFO  [o.n.k.i.DiagnosticsManager]     label:
2016-03-08 12:24:43.210+0000 INFO  [o.n.k.i.DiagnosticsManager]       lucene:
2016-03-08 12:24:43.210+0000 INFO  [o.n.k.i.DiagnosticsManager]         labelStore:
2016-03-08 12:24:43.210+0000 INFO  [o.n.k.i.DiagnosticsManager]           1:
2016-03-08 12:24:43.210+0000 INFO  [o.n.k.i.DiagnosticsManager]             write.lock: 2016-03-08T12:24:39+0000 - 0.00 B
2016-03-08 12:24:43.211+0000 INFO  [o.n.k.i.DiagnosticsManager]           - Total: 2016-03-08T12:24:39+0000 - 0.00 B
2016-03-08 12:24:43.211+0000 INFO  [o.n.k.i.DiagnosticsManager]           failure-message: 2016-03-08T12:24:39+0000 - 16.00 kB
2016-03-08 12:24:43.211+0000 INFO  [o.n.k.i.DiagnosticsManager]         - Total: 2016-03-08T12:24:39+0000 - 16.00 kB
2016-03-08 12:24:43.211+0000 INFO  [o.n.k.i.DiagnosticsManager]       - Total: 2016-03-08T12:24:39+0000 - 16.00 kB
2016-03-08 12:24:43.211+0000 INFO  [o.n.k.i.DiagnosticsManager]     - Total: 2016-03-08T12:24:39+0000 - 16.00 kB
2016-03-08 12:24:43.211+0000 INFO  [o.n.k.i.DiagnosticsManager]   - Total: 2014-12-16T15:07:06+0000 - 3.44 MB
2016-03-08 12:24:43.211+0000 INFO  [o.n.k.i.DiagnosticsManager]   store_lock: 2014-12-16T15:03:12+0000 - 0.00 B
2016-03-08 12:24:43.211+0000 INFO  [o.n.k.i.DiagnosticsManager] --- STARTED diagnostics for KernelDiagnostics:StoreFiles END ---
2016-03-08 12:24:43.236+0000 INFO  [o.n.k.i.f.CommunityFacadeFactory] Shutdown started
2016-03-08 12:24:43.236+0000 INFO  [o.n.k.i.f.CommunityFacadeFactory] Database is now unavailable
2016-03-08 12:24:43.254+0000 INFO  [o.n.k.i.t.l.c.CheckPointerImpl] Check Pointing triggered by database shutdown [199]:  Starting check pointing...
2016-03-08 12:24:43.254+0000 INFO  [o.n.k.i.t.l.c.CheckPointerImpl] Check Pointing triggered by database shutdown [199]:  Starting store flush...
2016-03-08 12:24:43.360+0000 INFO  [o.n.k.i.s.c.CountsTracker] About to rotate counts store at transaction 199 to [/opt/teamcity-agent/work/f8151e07c14d17c6/./graph.db/neostore.counts.db.b], from [/opt/teamcity-agent/work/f8151e07c14d17c6/./graph.db/neostore.counts.db.a].
2016-03-08 12:24:43.361+0000 INFO  [o.n.k.i.s.c.CountsTracker] Successfully rotated counts store at transaction 199 to [/opt/teamcity-agent/work/f8151e07c14d17c6/./graph.db/neostore.counts.db.b], from [/opt/teamcity-agent/work/f8151e07c14d17c6/./graph.db/neostore.counts.db.a].
2016-03-08 12:24:43.383+0000 INFO  [o.n.k.i.t.l.c.CheckPointerImpl] Check Pointing triggered by database shutdown [199]:  Store flush completed
2016-03-08 12:24:43.383+0000 INFO  [o.n.k.i.t.l.c.CheckPointerImpl] Check Pointing triggered by database shutdown [199]:  Starting appending check point entry into the tx log...
2016-03-08 12:24:43.388+0000 INFO  [o.n.k.i.t.l.c.CheckPointerImpl] Check Pointing triggered by database shutdown [199]:  Appending check point entry into the tx log completed
2016-03-08 12:24:43.388+0000 INFO  [o.n.k.i.t.l.c.CheckPointerImpl] Check Pointing triggered by database shutdown [199]:  Check pointing completed
2016-03-08 12:24:43.388+0000 INFO  [o.n.k.i.t.l.p.LogPruningImpl] Log Rotation [30]:  Starting log pruning.
2016-03-08 12:24:43.388+0000 INFO  [o.n.k.i.t.l.p.LogPruningImpl] Log Rotation [30]:  Log pruning complete.
2016-03-08 12:24:43.497+0000 INFO  [o.n.k.i.DiagnosticsManager] --- STOPPING diagnostics START ---
2016-03-08 12:24:43.497+0000 INFO  [o.n.k.i.DiagnosticsManager] --- STOPPING diagnostics END ---
